============================= test session starts ==============================
platform linux -- Python 3.13.5, pytest-9.0.2, pluggy-1.6.0 -- /opt/pyvenv/bin/python
cachedir: .pytest_cache
metadata: {'Python': '3.13.5', 'Platform': 'Linux-6.18.35-x86_64-with-glibc2.41', 'Packages': {'pytest': '9.0.2', 'pluggy': '1.6.0'}, 'Plugins': {'cov': '7.0.0', 'anyio': '4.13.0', 'Faker': '40.1.2', 'asyncio': '1.3.0', 'json-report': '1.5.0', 'ddtrace': '4.4.0', 'metadata': '3.1.1'}, 'PLATFORM': 'linux/amd64', 'CI': 'true'}
rootdir: /mnt/data/manju_work
configfile: pyproject.toml
plugins: cov-7.0.0, anyio-4.13.0, Faker-40.1.2, asyncio-1.3.0, json-report-1.5.0, ddtrace-4.4.0, metadata-3.1.1
asyncio: mode=Mode.STRICT, debug=False, asyncio_default_fixture_loop_scope=None, asyncio_default_test_loop_scope=function
collecting ... collected 26 items

tests/test_storyboard.py::test_review_state_property PASSED              [  3%]
tests/test_storyboard.py::test_review_validator_rejects_unknown PASSED   [  7%]
tests/test_storyboard.py::test_review_absent_is_byte_stable PASSED       [ 11%]
tests/test_storyboard.py::test_approval_does_not_change_spec_hash PASSED [ 15%]
tests/test_storyboard.py::test_review_does_not_restage_fresh_take PASSED [ 19%]
tests/test_storyboard.py::test_lock_conflict_prefix_rules PASSED         [ 23%]
tests/test_storyboard.py::test_page_renders_all_columns PASSED           [ 26%]
tests/test_storyboard.py::test_empty_project_page PASSED                 [ 30%]
tests/test_storyboard.py::test_detail_row_includes_lazy_take_previews PASSED [ 34%]
tests/test_storyboard.py::test_char_chips_resolve_aliases PASSED         [ 38%]
tests/test_storyboard.py::test_state_and_approval_chips_orthogonal PASSED [ 42%]
tests/test_storyboard.py::test_unlock_absent_from_page PASSED            [ 46%]
tests/test_storyboard.py::test_inline_edit_writes_and_events PASSED      [ 50%]
tests/test_storyboard.py::test_inline_edit_list_field PASSED             [ 53%]
tests/test_storyboard.py::test_inline_edit_dialogue PASSED               [ 57%]
tests/test_storyboard.py::test_inline_edit_rejects_unknown_field PASSED  [ 61%]
tests/test_storyboard.py::test_inline_edit_locked_field_409 PASSED       [ 65%]
tests/test_storyboard.py::test_inline_edit_parent_lock_409 PASSED        [ 69%]
tests/test_storyboard.py::test_approve_syncs_legacy_bool PASSED          [ 73%]
tests/test_storyboard.py::test_approve_rejects_bad_state PASSED          [ 76%]
tests/test_storyboard.py::test_batch_approve PASSED                      [ 80%]
tests/test_storyboard.py::test_batch_approve_skips_missing PASSED        [ 84%]
tests/test_storyboard.py::test_batch_lock PASSED                         [ 88%]
tests/test_storyboard.py::test_batch_lock_seal_verifies PASSED           [ 92%]
tests/test_storyboard.py::test_post_requires_token PASSED                [ 96%]
tests/test_storyboard.py::test_post_readonly_forbidden PASSED            [100%]

============================= 26 passed in 15.93s ==============================
EXIT_CODE=0
